[14:50:07] This is prokka 1.14.6
[14:50:07] Written by Torsten Seemann <torsten.seemann@gmail.com>
[14:50:07] Homepage is https://github.com/tseemann/prokka
[14:50:07] Local time is Tue Jun  3 14:50:07 2025
[14:50:07] You are root
[14:50:07] Operating system is linux
[14:50:07] You have BioPerl 1.7.8
[14:50:07] System has 16 cores.
[14:50:07] Will use maximum of 12 cores.
[14:50:07] Annotating as >>> Bacteria <<<
[14:50:07] Generating locus_tag from 'sequence.fasta' contents.
[14:50:07] Setting --locustag KIEHJLIC from MD5 42e1352c3ae16582c984e86e52f77664
[14:50:07] Creating new output folder: faresults/prokka_annotation
[14:50:07] Running: mkdir -p faresults\/prokka_annotation
[14:50:07] Using filename prefix: sample.XXX
[14:50:07] Setting HMMER_NCPU=1
[14:50:07] Writing log to: faresults/prokka_annotation/sample.log
[14:50:07] Command: /root/miniconda3/envs/metagenomics_app/bin/prokka --outdir faresults/prokka_annotation --prefix sample --cpus 12 --force sequence.fasta
[14:50:07] Appending to PATH: /root/miniconda3/envs/metagenomics_app/bin
[14:50:07] Looking for 'aragorn' - found /root/miniconda3/envs/metagenomics_app/bin/aragorn
[14:50:07] Determined aragorn version is 001002 from 'ARAGORN v1.2.41 Dean Laslett'
[14:50:07] Looking for 'barrnap' - found /root/miniconda3/envs/metagenomics_app/bin/barrnap
[14:50:07] Determined barrnap version is 000009 from 'barrnap 0.9'
[14:50:07] Looking for 'blastp' - found /root/miniconda3/envs/metagenomics_app/bin/blastp
[14:50:08] Determined blastp version is 002016 from 'blastp: 2.16.0+'
[14:50:08] Looking for 'cmpress' - found /root/miniconda3/envs/metagenomics_app/bin/cmpress
[14:50:08] Determined cmpress version is 001001 from '# INFERNAL 1.1.5 (Sep 2023)'
[14:50:08] Looking for 'cmscan' - found /root/miniconda3/envs/metagenomics_app/bin/cmscan
[14:50:08] Determined cmscan version is 001001 from '# INFERNAL 1.1.5 (Sep 2023)'
[14:50:08] Looking for 'egrep' - found /usr/bin/egrep
[14:50:08] Looking for 'find' - found /usr/bin/find
[14:50:08] Looking for 'grep' - found /usr/bin/grep
[14:50:08] Looking for 'hmmpress' - found /root/miniconda3/envs/metagenomics_app/bin/hmmpress
[14:50:08] Determined hmmpress version is 003004 from '# HMMER 3.4 (Aug 2023); http://hmmer.org/'
[14:50:08] Looking for 'hmmscan' - found /root/miniconda3/envs/metagenomics_app/bin/hmmscan
[14:50:08] Determined hmmscan version is 003004 from '# HMMER 3.4 (Aug 2023); http://hmmer.org/'
[14:50:08] Looking for 'java' - found /root/miniconda3/envs/metagenomics_app/bin/java
[14:50:08] Looking for 'makeblastdb' - found /root/miniconda3/envs/metagenomics_app/bin/makeblastdb
[14:50:08] Determined makeblastdb version is 002016 from 'makeblastdb: 2.16.0+'
[14:50:08] Looking for 'minced' - found /root/miniconda3/envs/metagenomics_app/bin/minced
[14:50:08] Determined minced version is 004002 from 'minced 0.4.2'
[14:50:08] Looking for 'parallel' - found /root/miniconda3/envs/metagenomics_app/bin/parallel
[14:50:09] Determined parallel version is 20250422 from 'GNU parallel 20250422'
[14:50:09] Looking for 'prodigal' - found /root/miniconda3/envs/metagenomics_app/bin/prodigal
[14:50:09] Determined prodigal version is 002006 from 'Prodigal V2.6.3: February, 2016'
[14:50:09] Looking for 'prokka-genbank_to_fasta_db' - found /root/miniconda3/envs/metagenomics_app/bin/prokka-genbank_to_fasta_db
[14:50:09] Looking for 'sed' - found /usr/bin/sed
[14:50:09] Looking for 'tbl2asn' - found /root/miniconda3/envs/metagenomics_app/bin/tbl2asn
[14:50:09] Determined tbl2asn version is 025008 from 'tbl2asn 25.8   arguments:'
[14:50:09] Using genetic code table 11.
[14:50:09] Loading and checking input file: sequence.fasta
[14:50:09] Wrote 1 contigs totalling 6477 bp.
[14:50:09] Predicting tRNAs and tmRNAs
[14:50:09] Running: aragorn -l -gc11  -w faresults\/prokka_annotation\/sample\.fna
[14:50:09] Found 0 tRNAs
[14:50:09] Predicting Ribosomal RNAs
[14:50:09] Running Barrnap with 12 threads
[14:50:09] Found 0 rRNAs
[14:50:09] Skipping ncRNA search, enable with --rfam if desired.
[14:50:09] Total of 0 tRNA + rRNA features
[14:50:09] Searching for CRISPR repeats
[14:50:09] Found 0 CRISPRs
[14:50:09] Predicting coding sequences
[14:50:09] Contigs total 6477 bp, so using meta mode
[14:50:09] Running: prodigal -i faresults\/prokka_annotation\/sample\.fna -c -m -g 11 -p meta -f sco -q
[14:50:09] Found 7 CDS
[14:50:09] Connecting features back to sequences
[14:50:09] Not using genus-specific database. Try --usegenus to enable it.
[14:50:09] Annotating CDS, please be patient.
[14:50:09] Will use 12 CPUs for similarity searching.
[14:50:09] There are still 7 unannotated CDS left (started with 7)
[14:50:09] Will use blast to search against /root/miniconda3/envs/metagenomics_app/db/kingdom/Bacteria/IS with 12 CPUs
[14:50:09] Running: cat faresults\/prokka_annotation\/sample\.IS\.tmp\.122631\.faa | parallel --gnu --plain -j 12 --block 71 --recstart '>' --pipe blastp -query - -db /root/miniconda3/envs/metagenomics_app/db/kingdom/Bacteria/IS -evalue 1e-30 -qcov_hsp_perc 90 -num_threads 1 -num_descriptions 1 -num_alignments 1 -seg no > faresults\/prokka_annotation\/sample\.IS\.tmp\.122631\.blast 2> /dev/null
[14:50:09] Deleting unwanted file: faresults/prokka_annotation/sample.IS.tmp.122631.faa
[14:50:09] Deleting unwanted file: faresults/prokka_annotation/sample.IS.tmp.122631.blast
[14:50:09] There are still 7 unannotated CDS left (started with 7)
[14:50:09] Will use blast to search against /root/miniconda3/envs/metagenomics_app/db/kingdom/Bacteria/AMR with 12 CPUs
[14:50:09] Running: cat faresults\/prokka_annotation\/sample\.AMR\.tmp\.122631\.faa | parallel --gnu --plain -j 12 --block 71 --recstart '>' --pipe blastp -query - -db /root/miniconda3/envs/metagenomics_app/db/kingdom/Bacteria/AMR -evalue 1e-300 -qcov_hsp_perc 90 -num_threads 1 -num_descriptions 1 -num_alignments 1 -seg no > faresults\/prokka_annotation\/sample\.AMR\.tmp\.122631\.blast 2> /dev/null
[14:50:10] Deleting unwanted file: faresults/prokka_annotation/sample.AMR.tmp.122631.faa
[14:50:10] Deleting unwanted file: faresults/prokka_annotation/sample.AMR.tmp.122631.blast
[14:50:10] There are still 7 unannotated CDS left (started with 7)
[14:50:10] Will use blast to search against /root/miniconda3/envs/metagenomics_app/db/kingdom/Bacteria/sprot with 12 CPUs
[14:50:10] Running: cat faresults\/prokka_annotation\/sample\.sprot\.tmp\.122631\.faa | parallel --gnu --plain -j 12 --block 71 --recstart '>' --pipe blastp -query - -db /root/miniconda3/envs/metagenomics_app/db/kingdom/Bacteria/sprot -evalue 1e-09 -qcov_hsp_perc 80 -num_threads 1 -num_descriptions 1 -num_alignments 1 -seg no > faresults\/prokka_annotation\/sample\.sprot\.tmp\.122631\.blast 2> /dev/null
[14:50:10] Deleting unwanted file: faresults/prokka_annotation/sample.sprot.tmp.122631.faa
[14:50:10] Deleting unwanted file: faresults/prokka_annotation/sample.sprot.tmp.122631.blast
[14:50:10] There are still 4 unannotated CDS left (started with 7)
[14:50:10] Will use hmmer3 to search against /root/miniconda3/envs/metagenomics_app/db/hmm/HAMAP.hmm with 12 CPUs
[14:50:10] Running: cat faresults\/prokka_annotation\/sample\.HAMAP\.hmm\.tmp\.122631\.faa | parallel --gnu --plain -j 12 --block 22 --recstart '>' --pipe hmmscan --noali --notextw --acc -E 1e-09 --cpu 1 /root/miniconda3/envs/metagenomics_app/db/hmm/HAMAP.hmm /dev/stdin > faresults\/prokka_annotation\/sample\.HAMAP\.hmm\.tmp\.122631\.hmmer3 2> /dev/null
[14:50:11] Deleting unwanted file: faresults/prokka_annotation/sample.HAMAP.hmm.tmp.122631.faa
[14:50:11] Deleting unwanted file: faresults/prokka_annotation/sample.HAMAP.hmm.tmp.122631.hmmer3
[14:50:11] Labelling remaining 4 proteins as 'hypothetical protein'
[14:50:11] Found 3 unique /gene codes.
[14:50:11] Fixed 0 colliding /gene names.
[14:50:11] Adding /locus_tag identifiers
[14:50:11] Assigned 7 locus_tags to CDS and RNA features.
[14:50:11] Writing outputs to faresults/prokka_annotation/
[14:50:11] Generating annotation statistics file
[14:50:11] Generating Genbank and Sequin files
[14:50:11] Running: tbl2asn -V b -a r10k -l paired-ends -M n -N 1 -y 'Annotated using prokka 1.14.6 from https://github.com/tseemann/prokka' -Z faresults\/prokka_annotation\/sample\.err -i faresults\/prokka_annotation\/sample\.fsa 2> /dev/null
[14:50:11] Deleting unwanted file: faresults/prokka_annotation/errorsummary.val
[14:50:11] Deleting unwanted file: faresults/prokka_annotation/sample.dr
[14:50:11] Deleting unwanted file: faresults/prokka_annotation/sample.fixedproducts
[14:50:11] Deleting unwanted file: faresults/prokka_annotation/sample.ecn
[14:50:11] Deleting unwanted file: faresults/prokka_annotation/sample.val
[14:50:11] Repairing broken .GBK output that tbl2asn produces...
[14:50:11] Running: sed 's/COORDINATES: profile/COORDINATES:profile/' < faresults\/prokka_annotation\/sample\.gbf > faresults\/prokka_annotation\/sample\.gbk
[14:50:11] Deleting unwanted file: faresults/prokka_annotation/sample.gbf
[14:50:11] Output files:
[14:50:11] faresults/prokka_annotation/sample.err
[14:50:11] faresults/prokka_annotation/sample.faa
[14:50:11] faresults/prokka_annotation/sample.ffn
[14:50:11] faresults/prokka_annotation/sample.fna
[14:50:11] faresults/prokka_annotation/sample.fsa
[14:50:11] faresults/prokka_annotation/sample.gbk
[14:50:11] faresults/prokka_annotation/sample.gff
[14:50:11] faresults/prokka_annotation/sample.log
[14:50:11] faresults/prokka_annotation/sample.sqn
[14:50:11] faresults/prokka_annotation/sample.tbl
[14:50:11] faresults/prokka_annotation/sample.tsv
[14:50:11] faresults/prokka_annotation/sample.txt
[14:50:11] Annotation finished successfully.
[14:50:11] Walltime used: 0.07 minutes
[14:50:11] If you use this result please cite the Prokka paper:
[14:50:11] Seemann T (2014) Prokka: rapid prokaryotic genome annotation. Bioinformatics. 30(14):2068-9.
[14:50:11] Type 'prokka --citation' for more details.
[14:50:11] Thank you, come again.
