Discrepancy Report Results

Summary
FATAL: MISSING_PROTEIN_ID:7 proteins have invalid IDs.
DISC_SOURCE_QUALS_ASNDISC:strain (all present, all unique)
DISC_SOURCE_QUALS_ASNDISC:taxname (all present, all unique)
DISC_FEATURE_COUNT:CDS: 7 present
DISC_COUNT_NUCLEOTIDES:1 nucleotide Bioseqs are present
FEATURE_LOCATION_CONFLICT:7 features have inconsistent gene locations.
DISC_QUALITY_SCORES:Quality scores are missing on all sequences.
ONCALLER_COMMENT_PRESENT:1 comment descriptors were found (all same)
MISSING_GENOMEASSEMBLY_COMMENTS:1 bioseqs are missing GenomeAssembly structured comments
MOLTYPE_NOT_MRNA:1 molecule types are not set as mRNA.
TECHNIQUE_NOT_TSA:1 technique are not set as TSA
MISSING_STRUCTURED_COMMENT:1 sequences do not include structured comments.
MISSING_PROJECT:8 sequences do not include project.
DISC_INCONSISTENT_MOLINFO_TECH:Molinfo Technique Report (some missing, all same)


Detailed Report

FATAL: DiscRep_ALL:MISSING_PROTEIN_ID::7 proteins have invalid IDs.
faresults/prokka_annotation/sample:NZ_CP162098.1_1 (length 184)
faresults/prokka_annotation/sample:NZ_CP162098.1_2 (length 94)
faresults/prokka_annotation/sample:NZ_CP162098.1_3 (length 709)
faresults/prokka_annotation/sample:NZ_CP162098.1_4 (length 70)
faresults/prokka_annotation/sample:NZ_CP162098.1_5 (length 68)
faresults/prokka_annotation/sample:NZ_CP162098.1_6 (length 279)
faresults/prokka_annotation/sample:NZ_CP162098.1_7 (length 283)

DiscRep_ALL:DISC_SOURCE_QUALS_ASNDISC::strain (all present, all unique)
DiscRep_SUB:DISC_SOURCE_QUALS_ASNDISC::1 sources have unique values for strain
DiscRep_ALL:DISC_SOURCE_QUALS_ASNDISC::taxname (all present, all unique)
DiscRep_SUB:DISC_SOURCE_QUALS_ASNDISC::1 sources have unique values for taxname
DiscRep_ALL:DISC_FEATURE_COUNT::CDS: 7 present
DiscRep_ALL:DISC_COUNT_NUCLEOTIDES::1 nucleotide Bioseqs are present
faresults/prokka_annotation/sample:NZ_CP162098.1 (length 6477)

DiscRep_ALL:FEATURE_LOCATION_CONFLICT::7 features have inconsistent gene locations.
DiscRep_SUB:FEATURE_LOCATION_CONFLICT::Coding region xref gene does not exist
faresults/prokka_annotation/sample:CDS	Aclacinomycin methylesterase RdmC	NZ_CP162098.1:1-555	KIEHJLIC_00001

DiscRep_SUB:FEATURE_LOCATION_CONFLICT::Coding region xref gene does not exist
faresults/prokka_annotation/sample:CDS	hypothetical protein	NZ_CP162098.1:c1509-1225	KIEHJLIC_00002

DiscRep_SUB:FEATURE_LOCATION_CONFLICT::Coding region xref gene does not exist
faresults/prokka_annotation/sample:CDS	Mobilization protein A	NZ_CP162098.1:1709-3838	KIEHJLIC_00003

DiscRep_SUB:FEATURE_LOCATION_CONFLICT::Coding region xref gene does not exist
faresults/prokka_annotation/sample:CDS	hypothetical protein	NZ_CP162098.1:3899-4111	KIEHJLIC_00004

DiscRep_SUB:FEATURE_LOCATION_CONFLICT::Coding region xref gene does not exist
faresults/prokka_annotation/sample:CDS	hypothetical protein	NZ_CP162098.1:4113-4319	KIEHJLIC_00005

DiscRep_SUB:FEATURE_LOCATION_CONFLICT::Coding region xref gene does not exist
faresults/prokka_annotation/sample:CDS	Regulatory protein RepA	NZ_CP162098.1:4349-5188	KIEHJLIC_00006

DiscRep_SUB:FEATURE_LOCATION_CONFLICT::Coding region xref gene does not exist
faresults/prokka_annotation/sample:CDS	hypothetical protein	NZ_CP162098.1:5175-6026	KIEHJLIC_00007

DiscRep_ALL:DISC_QUALITY_SCORES::Quality scores are missing on all sequences.

DiscRep_ALL:ONCALLER_COMMENT_PRESENT::1 comment descriptors were found (all same)
faresults/prokka_annotation/sample:NZ_CP162098.1:Annotated using prokka 1.14.6 from https://github.com/tseemann/prokka

DiscRep_ALL:MISSING_GENOMEASSEMBLY_COMMENTS::1 bioseqs are missing GenomeAssembly structured comments
faresults/prokka_annotation/sample:NZ_CP162098.1 (length 6477)

DiscRep_ALL:MOLTYPE_NOT_MRNA::1 molecule types are not set as mRNA.
faresults/prokka_annotation/sample:NZ_CP162098.1 (length 6477)

DiscRep_ALL:TECHNIQUE_NOT_TSA::1 technique are not set as TSA
faresults/prokka_annotation/sample:NZ_CP162098.1 (length 6477)

DiscRep_ALL:MISSING_STRUCTURED_COMMENT::1 sequences do not include structured comments.
faresults/prokka_annotation/sample:NZ_CP162098.1 (length 6477)

DiscRep_ALL:MISSING_PROJECT::8 sequences do not include project.
faresults/prokka_annotation/sample:NZ_CP162098.1 (length 6477)
faresults/prokka_annotation/sample:NZ_CP162098.1_1 (length 184)
faresults/prokka_annotation/sample:NZ_CP162098.1_2 (length 94)
faresults/prokka_annotation/sample:NZ_CP162098.1_3 (length 709)
faresults/prokka_annotation/sample:NZ_CP162098.1_4 (length 70)
faresults/prokka_annotation/sample:NZ_CP162098.1_5 (length 68)
faresults/prokka_annotation/sample:NZ_CP162098.1_6 (length 279)
faresults/prokka_annotation/sample:NZ_CP162098.1_7 (length 283)

DiscRep_ALL:DISC_INCONSISTENT_MOLINFO_TECH::Molinfo Technique Report (some missing, all same)
DiscRep_SUB:DISC_INCONSISTENT_MOLINFO_TECH::technique (all missing)
DiscRep_SUB:DISC_INCONSISTENT_MOLINFO_TECH::1 Molinfos are missing field technique
faresults/prokka_annotation/sample:NZ_CP162098.1 (length 6477)

